<?xml version="1.0" encoding="utf-8"?><testsuites name="pytest tests"><testsuite name="pytest" errors="0" failures="0" skipped="0" tests="4" time="1.427" timestamp="2026-07-17T15:22:15.274159+00:00" hostname="agent-env-9338f9a4-212e-4351-9672-231562a64ac6"><testcase classname="tests.backend_test" name="test_root" time="0.322" /><testcase classname="tests.backend_test" name="test_insights_list" time="0.177" /><testcase classname="tests.backend_test" name="test_insights_slug" time="0.132" /><testcase classname="tests.backend_test" name="test_contact_post_valid" time="0.229" /></testsuite></testsuites>